This is pdfTeX, Version 3.14159265-2.6-1.40.20 (TeX Live 2019) (preloaded format=pdflatex 2019.5.8)  13 JAN 2020 09:46
entering extended mode
 restricted \write18 enabled.
 file:line:error style messages enabled.
 %&-line parsing enabled.
**main.tex
(./main.tex
LaTeX2e <2018-12-01>
(/usr/local/texlive/2019/texmf-dist/tex/latex/base/report.cls
Document Class: report 2018/09/03 v1.4i Standard LaTeX document class
(/usr/local/texlive/2019/texmf-dist/tex/latex/base/size10.clo
File: size10.clo 2018/09/03 v1.4i Standard LaTeX file (size option)
)
\c@part=\count80
\c@chapter=\count81
\c@section=\count82
\c@subsection=\count83
\c@subsubsection=\count84
\c@paragraph=\count85
\c@subparagraph=\count86
\c@figure=\count87
\c@table=\count88
\abovecaptionskip=\skip41
\belowcaptionskip=\skip42
\bibindent=\dimen102
)
(/usr/local/texlive/2019/texmf-dist/tex/latex/graphics/graphicx.sty
Package: graphicx 2017/06/01 v1.1a Enhanced LaTeX Graphics (DPC,SPQR)

(/usr/local/texlive/2019/texmf-dist/tex/latex/graphics/keyval.sty
Package: keyval 2014/10/28 v1.15 key=value parser (DPC)
\KV@toks@=\toks14
)
(/usr/local/texlive/2019/texmf-dist/tex/latex/graphics/graphics.sty
Package: graphics 2017/06/25 v1.2c Standard LaTeX Graphics (DPC,SPQR)

(/usr/local/texlive/2019/texmf-dist/tex/latex/graphics/trig.sty
Package: trig 2016/01/03 v1.10 sin cos tan (DPC)
)
(/usr/local/texlive/2019/texmf-dist/tex/latex/graphics-cfg/graphics.cfg
File: graphics.cfg 2016/06/04 v1.11 sample graphics configuration
)
Package graphics Info: Driver file: pdftex.def on input line 99.

(/usr/local/texlive/2019/texmf-dist/tex/latex/graphics-def/pdftex.def
File: pdftex.def 2018/01/08 v1.0l Graphics/color driver for pdftex
))
\Gin@req@height=\dimen103
\Gin@req@width=\dimen104
)
(./main.aux)
\openout1 = `main.aux'.

LaTeX Font Info:    Checking defaults for OML/cmm/m/it on input line 4.
LaTeX Font Info:    ... okay on input line 4.
LaTeX Font Info:    Checking defaults for T1/cmr/m/n on input line 4.
LaTeX Font Info:    ... okay on input line 4.
LaTeX Font Info:    Checking defaults for OT1/cmr/m/n on input line 4.
LaTeX Font Info:    ... okay on input line 4.
LaTeX Font Info:    Checking defaults for OMS/cmsy/m/n on input line 4.
LaTeX Font Info:    ... okay on input line 4.
LaTeX Font Info:    Checking defaults for OMX/cmex/m/n on input line 4.
LaTeX Font Info:    ... okay on input line 4.
LaTeX Font Info:    Checking defaults for U/cmr/m/n on input line 4.
LaTeX Font Info:    ... okay on input line 4.

(/usr/local/texlive/2019/texmf-dist/tex/context/base/mkii/supp-pdf.mkii
[Loading MPS to PDF converter (version 2006.09.02).]
\scratchcounter=\count89
\scratchdimen=\dimen105
\scratchbox=\box27
\nofMPsegments=\count90
\nofMParguments=\count91
\everyMPshowfont=\toks15
\MPscratchCnt=\count92
\MPscratchDim=\dimen106
\MPnumerator=\count93
\makeMPintoPDFobject=\count94
\everyMPtoPDFconversion=\toks16
) (/usr/local/texlive/2019/texmf-dist/tex/latex/oberdiek/epstopdf-base.sty
Package: epstopdf-base 2016/05/15 v2.6 Base part for package epstopdf

(/usr/local/texlive/2019/texmf-dist/tex/generic/oberdiek/infwarerr.sty
Package: infwarerr 2016/05/16 v1.4 Providing info/warning/error messages (HO)
)
(/usr/local/texlive/2019/texmf-dist/tex/latex/oberdiek/grfext.sty
Package: grfext 2016/05/16 v1.2 Manage graphics extensions (HO)

(/usr/local/texlive/2019/texmf-dist/tex/generic/oberdiek/kvdefinekeys.sty
Package: kvdefinekeys 2016/05/16 v1.4 Define keys (HO)

(/usr/local/texlive/2019/texmf-dist/tex/generic/oberdiek/ltxcmds.sty
Package: ltxcmds 2016/05/16 v1.23 LaTeX kernel commands for general use (HO)
)))
(/usr/local/texlive/2019/texmf-dist/tex/latex/oberdiek/kvoptions.sty
Package: kvoptions 2016/05/16 v3.12 Key value format for package options (HO)

(/usr/local/texlive/2019/texmf-dist/tex/generic/oberdiek/kvsetkeys.sty
Package: kvsetkeys 2016/05/16 v1.17 Key value parser (HO)

(/usr/local/texlive/2019/texmf-dist/tex/generic/oberdiek/etexcmds.sty
Package: etexcmds 2016/05/16 v1.6 Avoid name clashes with e-TeX commands (HO)

(/usr/local/texlive/2019/texmf-dist/tex/generic/oberdiek/ifluatex.sty
Package: ifluatex 2016/05/16 v1.4 Provides the ifluatex switch (HO)
Package ifluatex Info: LuaTeX not detected.
))))
(/usr/local/texlive/2019/texmf-dist/tex/generic/oberdiek/pdftexcmds.sty
Package: pdftexcmds 2018/09/10 v0.29 Utility functions of pdfTeX for LuaTeX (HO
)

(/usr/local/texlive/2019/texmf-dist/tex/generic/oberdiek/ifpdf.sty
Package: ifpdf 2018/09/07 v3.3 Provides the ifpdf switch
)
Package pdftexcmds Info: LuaTeX not detected.
Package pdftexcmds Info: \pdf@primitive is available.
Package pdftexcmds Info: \pdf@ifprimitive is available.
Package pdftexcmds Info: \pdfdraftmode found.
)
Package epstopdf-base Info: Redefining graphics rule for `.eps' on input line 4
38.
Package grfext Info: Graphics extension search list:
(grfext)             [.pdf,.png,.jpg,.mps,.jpeg,.jbig2,.jb2,.PDF,.PNG,.JPG,.JPE
G,.JBIG2,.JB2,.eps]
(grfext)             \AppendGraphicsExtensions on input line 456.

(/usr/local/texlive/2019/texmf-dist/tex/latex/latexconfig/epstopdf-sys.cfg
File: epstopdf-sys.cfg 2010/07/13 v1.3 Configuration of (r)epstopdf for TeX Liv
e
))
LaTeX Font Info:    External font `cmex10' loaded for size
(Font)              <12> on input line 12.
LaTeX Font Info:    External font `cmex10' loaded for size
(Font)              <8> on input line 12.
LaTeX Font Info:    External font `cmex10' loaded for size
(Font)              <6> on input line 12.
LaTeX Font Info:    External font `cmex10' loaded for size
(Font)              <7> on input line 18.
LaTeX Font Info:    External font `cmex10' loaded for size
(Font)              <5> on input line 18.

[1

{/usr/local/texlive/2019/texmf-var/fonts/map/pdftex/updmap/pdftex.map}]
(./main.toc)
\tf@toc=\write3
\openout3 = `main.toc'.

 [1

]
Chapter 1.
[2

]
LaTeX Font Info:    Try loading font information for OMS+cmr on input line 49.
 (/usr/local/texlive/2019/texmf-dist/tex/latex/base/omscmr.fd
File: omscmr.fd 2014/09/29 v2.5h Standard LaTeX font definitions
)
LaTeX Font Info:    Font shape `OMS/cmr/m/n' in size <10> not available
(Font)              Font shape `OMS/cmsy/m/n' tried instead on input line 49.


LaTeX Warning: Citation `urbanowicz2012gametes' on page 3 undefined on input li
ne 49.


LaTeX Warning: Citation `urbanowicz2012predicting' on page 3 undefined on input
 line 50.


LaTeX Warning: Citation `urbanowicz2010application' on page 3 undefined on inpu
t line 51.


LaTeX Warning: Citation `urbanowicz2011application' on page 3 undefined on inpu
t line 51.


LaTeX Warning: Citation `urbanowicz2013classification' on page 3 undefined on i
nput line 52.


Overfull \hbox (1.36182pt too wide) in paragraph at lines 60--61
[]\OT1/cmr/m/n/10 Java Run-time En-vi-ron-ment, ver-sion 5.0 or higher (http://
www.java.com/). 
 []


Overfull \hbox (14.8536pt too wide) in paragraph at lines 67--69
\OT1/cmr/bx/n/10 Version 1.0: \OT1/cmr/m/n/10 Made avail-able on 1/16/2012. Ori
g-i-nal ver-sion of al-go-rithm/software. 
 []


Underfull \hbox (badness 10000) in paragraph at lines 67--69

 []


Overfull \hbox (14.44505pt too wide) in paragraph at lines 70--71
[]\OT1/cmr/m/n/10 Added abil-ity to com-bine ge-netic mod-els and gen-er-ate he
t-ero-ge-neous datasets. 
 []

[3]

LaTeX Warning: Reference `cmdop' on page 4 undefined on input line 87.

[4]
Chapter 2.

LaTeX Warning: Reference `gui' on page 5 undefined on input line 91.


LaTeX Warning: Reference `gui' on page 5 undefined on input line 91.


LaTeX Warning: Reference `modgen' on page 5 undefined on input line 91.


LaTeX Warning: Reference `modop' on page 5 undefined on input line 91.

<Figure1_UG.png, id=28, 540.51938pt x 677.53125pt>
File: Figure1_UG.png Graphic file (type png)
<use Figure1_UG.png>
Package pdftex.def Info: Figure1_UG.png  used on input line 95.
(pdftex.def)             Requested size: 276.00105pt x 345.97057pt.
<Figure2_UG.png, id=29, 542.025pt x 677.53125pt>
File: Figure2_UG.png Graphic file (type png)
<use Figure2_UG.png>
Package pdftex.def Info: Figure2_UG.png  used on input line 102.
(pdftex.def)             Requested size: 276.00105pt x 345.00911pt.

LaTeX Warning: Reference `oparm' on page 5 undefined on input line 107.

[5

]
Overfull \hbox (1.3602pt too wide) in paragraph at lines 109--110
\OT1/cmtt/m/n/10 SNPs\OT1/cmr/m/n/10 , the num-ber of loci in-cluded in the mod
el, (5) \OT1/cmtt/m/n/10 Minor allele frequencies\OT1/cmr/m/n/10 ,
 []


LaTeX Warning: Reference `modgen' on page 6 undefined on input line 111.


LaTeX Warning: Reference `custmod' on page 6 undefined on input line 111.


LaTeX Warning: Reference `datgen' on page 6 undefined on input line 111.

[6 <./Figure1_UG.png>]

LaTeX Warning: Reference `modgenP' on page 7 undefined on input line 114.


LaTeX Warning: Reference `modgenP' on page 7 undefined on input line 114.

[7 <./Figure2_UG.png>]
<Figure3_UG.png, id=40, 495.35063pt x 430.60875pt>
File: Figure3_UG.png Graphic file (type png)
<use Figure3_UG.png>
Package pdftex.def Info: Figure3_UG.png  used on input line 118.
(pdftex.def)             Requested size: 276.00105pt x 239.93027pt.


LaTeX Warning: Citation `urbanowicz2012gametes' on page 8 undefined on input li
ne 127.

[8 <./Figure3_UG.png>]

LaTeX Warning: Citation `urbanowicz2013classification' on page 9 undefined on i
nput line 130.


LaTeX Warning: Reference `moddiff' on page 9 undefined on input line 136.


LaTeX Warning: Reference `moddiff' on page 9 undefined on input line 136.

[9]
<Figure4_UG.png, id=47, 436.63126pt x 429.85594pt>
File: Figure4_UG.png Graphic file (type png)
<use Figure4_UG.png>
Package pdftex.def Info: Figure4_UG.png  used on input line 144.
(pdftex.def)             Requested size: 276.00105pt x 271.71582pt.


LaTeX Warning: Reference `cust2' on page 10 undefined on input line 148.


LaTeX Warning: Reference `cust3' on page 10 undefined on input line 148.

<Figure5_UG.png, id=48, 445.665pt x 498.36188pt>
File: Figure5_UG.png Graphic file (type png)
<use Figure5_UG.png>
Package pdftex.def Info: Figure5_UG.png  used on input line 152.
(pdftex.def)             Requested size: 276.00105pt x 308.63896pt.

LaTeX Warning: Reference `moddiff' on page 10 undefined on input line 157.

[10]

LaTeX Warning: Reference `saving' on page 11 undefined on input line 159.


LaTeX Warning: Citation `urbanowicz2012predicting' on page 11 undefined on inpu
t line 161.

[11 <./Figure4_UG.png>]

LaTeX Warning: Reference `hetdata' on page 12 undefined on input line 164.


Overfull \hbox (4.94397pt too wide) in paragraph at lines 166--167
[]\OT1/cmr/m/n/10 Once a sin-gle model has been opened and se-lected in the \OT
1/cmtt/m/n/10 Model Construction
 []

[12 <./Figure5_UG.png>]

LaTeX Warning: Reference `modop' on page 13 undefined on input line 169.


Overfull \hbox (10.74872pt too wide) in paragraph at lines 169--170
\OT1/cmtt/m/n/10 Generate \OT1/cmr/m/n/10 is se-lected then you must also spec-
ify the \OT1/cmtt/m/n/10 Total number of attributes\OT1/cmr/m/n/10 .
 []

<Figure6_UG.png, id=59, 542.025pt x 677.53125pt>
File: Figure6_UG.png Graphic file (type png)
<use Figure6_UG.png>
Package pdftex.def Info: Figure6_UG.png  used on input line 174.
(pdftex.def)             Requested size: 276.00105pt x 345.00911pt.

LaTeX Warning: Reference `readfile' on page 13 undefined on input line 178.

[13]
Overfull \hbox (2.77835pt too wide) in paragraph at lines 181--182
[]\OT1/cmr/m/n/10 The first row of the file should con-tain header la-bels for 
all at-tributes/SNPs. 
 []


Overfull \hbox (0.13948pt too wide) in paragraph at lines 182--183
[]\OT1/cmr/m/n/10 Rows should de-note sub-jects, and columns should de-note at-
tributes/SNPs. 
 []

[14 <./Figure6_UG.png>]
Overfull \hbox (0.91476pt too wide) in paragraph at lines 187--188
[]\OT1/cmr/m/n/10 Once loaded, the \OT1/cmtt/m/n/10 Number of attributes \OT1/c
mr/m/n/10 and \OT1/cmtt/m/n/10 Total number of instances
 []


Overfull \hbox (0.9995pt too wide) in paragraph at lines 187--188
\OT1/cmtt/m/n/10 Number of attributes \OT1/cmr/m/n/10 will equal the num-ber of
 at-tributes in the loaded dataset
 []


LaTeX Warning: Reference `hetfile' on page 15 undefined on input line 190.

[15]

./main.tex:194: LaTeX Error: File `' not found.

See the LaTeX manual or LaTeX Companion for explanation.
Type  H <return>  for immediate help.
 ...                                              
                                                  
l.194 \includegraphics[width=0.8\textwidth]{}
                                             % %16.6
? 
./main.tex:194: Emergency stop.
 ...                                              
                                                  
l.194 \includegraphics[width=0.8\textwidth]{}
                                             % %16.6
I could not locate the file with any of these extensions:
.pdf,.png,.jpg,.mps,.jpeg,.jbig2,.jb2,.PDF,.PNG,.JPG,.JPEG,.JBIG2,.JB2,.eps
Try typing  <return>  to proceed.
If that doesn't work, type  X <return>  to quit.

 
Here is how much of TeX's memory you used:
 1536 strings out of 492616
 22174 string characters out of 6129482
 88577 words of memory out of 5000000
 5440 multiletter control sequences out of 15000+600000
 9621 words of font info for 34 fonts, out of 8000000 for 9000
 1141 hyphenation exceptions out of 8191
 41i,5n,25p,2604b,216s stack positions out of 5000i,500n,10000p,200000b,80000s
./main.tex:194:  ==> Fatal error occurred, no output PDF file produced!
